1596 [JavaFX Application Thread] ERROR o.b.f.j.config.DataSourceConfig - Could not connect to the database.
com.zaxxer.hikari.pool.HikariPool$PoolInitializationException: Failed to initialize pool: FATAL: password authentication failed for user "postgres"
	at com.zaxxer.hikari.pool.HikariPool.throwPoolInitializationException(HikariPool.java:596)
	at com.zaxxer.hikari.pool.HikariPool.checkFailFast(HikariPool.java:582)
	at com.zaxxer.hikari.pool.HikariPool.<init>(HikariPool.java:100)
	at com.zaxxer.hikari.HikariDataSource.<init>(HikariDataSource.java:81)
	at DataSourceConfig.<clinit>(DataSourceConfig.java:33)
	at App.start(App.java:31)
	at com.sun.javafx.application.LauncherImpl.lambda$launchApplication1$9(LauncherImpl.java:846)
	at com.sun.javafx.application.PlatformImpl.lambda$runAndWait$12(PlatformImpl.java:474)
	at com.sun.javafx.application.PlatformImpl.lambda$runLater$10(PlatformImpl.java:447)
	at java.base/java.security.AccessController.doPrivileged(AccessController.java:391)
	at com.sun.javafx.application.PlatformImpl.lambda$runLater$11(PlatformImpl.java:446)
	at com.sun.glass.ui.InvokeLaterDispatcher$Future.run(InvokeLaterDispatcher.java:96)
	at com.sun.glass.ui.win.WinApplication._runLoop(Native Method)
	at com.sun.glass.ui.win.WinApplication.lambda$runLoop$3(WinApplication.java:174)
	at java.base/java.lang.Thread.run(Thread.java:831)
Caused by: org.postgresql.util.PSQLException: FATAL: password authentication failed for user "postgres"
	at org.postgresql.core.v3.ConnectionFactoryImpl.doAuthentication(ConnectionFactoryImpl.java:613)
	at org.postgresql.core.v3.ConnectionFactoryImpl.tryConnect(ConnectionFactoryImpl.java:161)
	at org.postgresql.core.v3.ConnectionFactoryImpl.openConnectionImpl(ConnectionFactoryImpl.java:213)
	at org.postgresql.core.ConnectionFactory.openConnection(ConnectionFactory.java:51)
	at org.postgresql.jdbc.PgConnection.<init>(PgConnection.java:225)
	at org.postgresql.Driver.makeConnection(Driver.java:465)
	at org.postgresql.Driver.connect(Driver.java:264)
	at com.zaxxer.hikari.util.DriverDataSource.getConnection(DriverDataSource.java:138)
	at com.zaxxer.hikari.pool.PoolBase.newConnection(PoolBase.java:359)
	at com.zaxxer.hikari.pool.PoolBase.newPoolEntry(PoolBase.java:201)
	at com.zaxxer.hikari.pool.HikariPool.createPoolEntry(HikariPool.java:470)
	at com.zaxxer.hikari.pool.HikariPool.checkFailFast(HikariPool.java:561)
	... 13 common frames omitted
1513 [JavaFX Application Thread] ERROR o.b.f.j.config.DataSourceConfig - Could not connect to the database.
com.zaxxer.hikari.pool.HikariPool$PoolInitializationException: Failed to initialize pool: FATAL: password authentication failed for user "postgres"
	at com.zaxxer.hikari.pool.HikariPool.throwPoolInitializationException(HikariPool.java:596)
	at com.zaxxer.hikari.pool.HikariPool.checkFailFast(HikariPool.java:582)
	at com.zaxxer.hikari.pool.HikariPool.<init>(HikariPool.java:100)
	at com.zaxxer.hikari.HikariDataSource.<init>(HikariDataSource.java:81)
	at DataSourceConfig.<clinit>(DataSourceConfig.java:33)
	at PersonRepository.findPersonByEmail(PersonRepository.java:14)
	at App.start(App.java:34)
	at com.sun.javafx.application.LauncherImpl.lambda$launchApplication1$9(LauncherImpl.java:846)
	at com.sun.javafx.application.PlatformImpl.lambda$runAndWait$12(PlatformImpl.java:474)
	at com.sun.javafx.application.PlatformImpl.lambda$runLater$10(PlatformImpl.java:447)
	at java.base/java.security.AccessController.doPrivileged(AccessController.java:391)
	at com.sun.javafx.application.PlatformImpl.lambda$runLater$11(PlatformImpl.java:446)
	at com.sun.glass.ui.InvokeLaterDispatcher$Future.run(InvokeLaterDispatcher.java:96)
	at com.sun.glass.ui.win.WinApplication._runLoop(Native Method)
	at com.sun.glass.ui.win.WinApplication.lambda$runLoop$3(WinApplication.java:174)
	at java.base/java.lang.Thread.run(Thread.java:831)
Caused by: org.postgresql.util.PSQLException: FATAL: password authentication failed for user "postgres"
	at org.postgresql.core.v3.ConnectionFactoryImpl.doAuthentication(ConnectionFactoryImpl.java:613)
	at org.postgresql.core.v3.ConnectionFactoryImpl.tryConnect(ConnectionFactoryImpl.java:161)
	at org.postgresql.core.v3.ConnectionFactoryImpl.openConnectionImpl(ConnectionFactoryImpl.java:213)
	at org.postgresql.core.ConnectionFactory.openConnection(ConnectionFactory.java:51)
	at org.postgresql.jdbc.PgConnection.<init>(PgConnection.java:225)
	at org.postgresql.Driver.makeConnection(Driver.java:465)
	at org.postgresql.Driver.connect(Driver.java:264)
	at com.zaxxer.hikari.util.DriverDataSource.getConnection(DriverDataSource.java:138)
	at com.zaxxer.hikari.pool.PoolBase.newConnection(PoolBase.java:359)
	at com.zaxxer.hikari.pool.PoolBase.newPoolEntry(PoolBase.java:201)
	at com.zaxxer.hikari.pool.HikariPool.createPoolEntry(HikariPool.java:470)
	at com.zaxxer.hikari.pool.HikariPool.checkFailFast(HikariPool.java:561)
	... 14 common frames omitted
1516 [JavaFX Application Thread] ERROR o.b.f.j.config.DataSourceConfig - Could not connect to the database.
com.zaxxer.hikari.pool.HikariPool$PoolInitializationException: Failed to initialize pool: FATAL: password authentication failed for user "postgres"
	at com.zaxxer.hikari.pool.HikariPool.throwPoolInitializationException(HikariPool.java:596)
	at com.zaxxer.hikari.pool.HikariPool.checkFailFast(HikariPool.java:582)
	at com.zaxxer.hikari.pool.HikariPool.<init>(HikariPool.java:100)
	at com.zaxxer.hikari.HikariDataSource.<init>(HikariDataSource.java:81)
	at DataSourceConfig.<clinit>(DataSourceConfig.java:33)
	at PersonRepository.findPersonByEmail(PersonRepository.java:14)
	at App.start(App.java:34)
	at com.sun.javafx.application.LauncherImpl.lambda$launchApplication1$9(LauncherImpl.java:846)
	at com.sun.javafx.application.PlatformImpl.lambda$runAndWait$12(PlatformImpl.java:474)
	at com.sun.javafx.application.PlatformImpl.lambda$runLater$10(PlatformImpl.java:447)
	at java.base/java.security.AccessController.doPrivileged(AccessController.java:391)
	at com.sun.javafx.application.PlatformImpl.lambda$runLater$11(PlatformImpl.java:446)
	at com.sun.glass.ui.InvokeLaterDispatcher$Future.run(InvokeLaterDispatcher.java:96)
	at com.sun.glass.ui.win.WinApplication._runLoop(Native Method)
	at com.sun.glass.ui.win.WinApplication.lambda$runLoop$3(WinApplication.java:174)
	at java.base/java.lang.Thread.run(Thread.java:831)
Caused by: org.postgresql.util.PSQLException: FATAL: password authentication failed for user "postgres"
	at org.postgresql.core.v3.ConnectionFactoryImpl.doAuthentication(ConnectionFactoryImpl.java:613)
	at org.postgresql.core.v3.ConnectionFactoryImpl.tryConnect(ConnectionFactoryImpl.java:161)
	at org.postgresql.core.v3.ConnectionFactoryImpl.openConnectionImpl(ConnectionFactoryImpl.java:213)
	at org.postgresql.core.ConnectionFactory.openConnection(ConnectionFactory.java:51)
	at org.postgresql.jdbc.PgConnection.<init>(PgConnection.java:225)
	at org.postgresql.Driver.makeConnection(Driver.java:465)
	at org.postgresql.Driver.connect(Driver.java:264)
	at com.zaxxer.hikari.util.DriverDataSource.getConnection(DriverDataSource.java:138)
	at com.zaxxer.hikari.pool.PoolBase.newConnection(PoolBase.java:359)
	at com.zaxxer.hikari.pool.PoolBase.newPoolEntry(PoolBase.java:201)
	at com.zaxxer.hikari.pool.HikariPool.createPoolEntry(HikariPool.java:470)
	at com.zaxxer.hikari.pool.HikariPool.checkFailFast(HikariPool.java:561)
	... 14 common frames omitted
1110 [JavaFX Application Thread] ERROR o.b.f.j.controllers.LoginController - 
/C:/Users/macin/Desktop/bds-javafx-training/target/classes/org/but/feec/javafx/fxml/Persons.fxml

javafx.fxml.LoadException: 
/C:/Users/macin/Desktop/bds-javafx-training/target/classes/org/but/feec/javafx/fxml/Persons.fxml

	at javafx.fxml.FXMLLoader.constructLoadException(FXMLLoader.java:2707)
	at javafx.fxml.FXMLLoader.loadImpl(FXMLLoader.java:2677)
	at javafx.fxml.FXMLLoader.loadImpl(FXMLLoader.java:2548)
	at javafx.fxml.FXMLLoader.load(FXMLLoader.java:2517)
	at App.start(App.java:35)
	at com.sun.javafx.application.LauncherImpl.lambda$launchApplication1$9(LauncherImpl.java:846)
	at com.sun.javafx.application.PlatformImpl.lambda$runAndWait$12(PlatformImpl.java:474)
	at com.sun.javafx.application.PlatformImpl.lambda$runLater$10(PlatformImpl.java:447)
	at java.base/java.security.AccessController.doPrivileged(AccessController.java:391)
	at com.sun.javafx.application.PlatformImpl.lambda$runLater$11(PlatformImpl.java:446)
	at com.sun.glass.ui.InvokeLaterDispatcher$Future.run(InvokeLaterDispatcher.java:96)
	at com.sun.glass.ui.win.WinApplication._runLoop(Native Method)
	at com.sun.glass.ui.win.WinApplication.lambda$runLoop$3(WinApplication.java:174)
	at java.base/java.lang.Thread.run(Thread.java:831)
Caused by: java.lang.reflect.InvocationTargetException: null
	at java.base/jdk.internal.reflect.NativeMethodAccessorImpl.invoke0(Native Method)
	at java.base/jdk.internal.reflect.NativeMethodAccessorImpl.invoke(NativeMethodAccessorImpl.java:78)
	at java.base/jdk.internal.reflect.DelegatingMethodAccessorImpl.invoke(DelegatingMethodAccessorImpl.java:43)
	at java.base/java.lang.reflect.Method.invoke(Method.java:567)
	at com.sun.javafx.reflect.Trampoline.invoke(MethodUtil.java:76)
	at java.base/jdk.internal.reflect.NativeMethodAccessorImpl.invoke0(Native Method)
	at java.base/jdk.internal.reflect.NativeMethodAccessorImpl.invoke(NativeMethodAccessorImpl.java:78)
	at java.base/jdk.internal.reflect.DelegatingMethodAccessorImpl.invoke(DelegatingMethodAccessorImpl.java:43)
	at java.base/java.lang.reflect.Method.invoke(Method.java:567)
	at com.sun.javafx.reflect.MethodUtil.invoke(MethodUtil.java:273)
	at com.sun.javafx.fxml.MethodHelper.invoke(MethodHelper.java:83)
	at javafx.fxml.FXMLLoader.loadImpl(FXMLLoader.java:2673)
	... 12 common frames omitted
Caused by: DataAccessException: Persons basic view could not be loaded.
	at PersonRepository.getPersonsBasicView(PersonRepository.java:72)
	at PersonService.getPersonsBasicView(PersonService.java:28)
	at PersonsController.initializePersonsData(PersonsController.java:143)
	at PersonsController.initialize(PersonsController.java:71)
	... 24 common frames omitted
Caused by: org.postgresql.util.PSQLException: ERROR: relation "bds.person" does not exist
  Position: 67
	at org.postgresql.core.v3.QueryExecutorImpl.receiveErrorResponse(QueryExecutorImpl.java:2565)
	at org.postgresql.core.v3.QueryExecutorImpl.processResults(QueryExecutorImpl.java:2297)
	at org.postgresql.core.v3.QueryExecutorImpl.execute(QueryExecutorImpl.java:322)
	at org.postgresql.jdbc.PgStatement.executeInternal(PgStatement.java:481)
	at org.postgresql.jdbc.PgStatement.execute(PgStatement.java:401)
	at org.postgresql.jdbc.PgPreparedStatement.executeWithFlags(PgPreparedStatement.java:164)
	at org.postgresql.jdbc.PgPreparedStatement.executeQuery(PgPreparedStatement.java:114)
	at com.zaxxer.hikari.pool.ProxyPreparedStatement.executeQuery(ProxyPreparedStatement.java:52)
	at com.zaxxer.hikari.pool.HikariProxyPreparedStatement.executeQuery(HikariProxyPreparedStatement.java)
	at PersonRepository.getPersonsBasicView(PersonRepository.java:65)
	... 27 common frames omitted
734  [JavaFX Application Thread] INFO  o.b.f.j.controllers.LoginController - LoginController initialized
735  [JavaFX Application Thread] INFO  o.b.f.j.controllers.LoginController - LoginController initialized
4457 [JavaFX Application Thread] ERROR o.b.f.j.controllers.LoginController - 
/C:/Users/macin/Desktop/bds-javafx-training/target/classes/org/but/feec/javafx/fxml/Persons.fxml

javafx.fxml.LoadException: 
/C:/Users/macin/Desktop/bds-javafx-training/target/classes/org/but/feec/javafx/fxml/Persons.fxml

	at javafx.fxml.FXMLLoader.constructLoadException(FXMLLoader.java:2707)
	at javafx.fxml.FXMLLoader.loadImpl(FXMLLoader.java:2677)
	at javafx.fxml.FXMLLoader.loadImpl(FXMLLoader.java:2548)
	at javafx.fxml.FXMLLoader.load(FXMLLoader.java:2517)
	at LoginController.showPersonsView(LoginController.java:125)
	at LoginController.handleSignIn(LoginController.java:108)
	at LoginController.lambda$initialize$0(LoginController.java:64)
	at com.sun.javafx.event.CompositeEventHandler.dispatchBubblingEvent(CompositeEventHandler.java:86)
	at com.sun.javafx.event.EventHandlerManager.dispatchBubblingEvent(EventHandlerManager.java:234)
	at com.sun.javafx.event.EventHandlerManager.dispatchBubblingEvent(EventHandlerManager.java:191)
	at com.sun.javafx.event.CompositeEventDispatcher.dispatchBubblingEvent(CompositeEventDispatcher.java:59)
	at com.sun.javafx.event.BasicEventDispatcher.dispatchEvent(BasicEventDispatcher.java:58)
	at com.sun.javafx.event.EventDispatchChainImpl.dispatchEvent(EventDispatchChainImpl.java:114)
	at com.sun.javafx.event.BasicEventDispatcher.dispatchEvent(BasicEventDispatcher.java:56)
	at com.sun.javafx.event.EventDispatchChainImpl.dispatchEvent(EventDispatchChainImpl.java:114)
	at com.sun.javafx.event.BasicEventDispatcher.dispatchEvent(BasicEventDispatcher.java:56)
	at com.sun.javafx.event.EventDispatchChainImpl.dispatchEvent(EventDispatchChainImpl.java:114)
	at com.sun.javafx.event.EventUtil.fireEventImpl(EventUtil.java:74)
	at com.sun.javafx.event.EventUtil.fireEvent(EventUtil.java:54)
	at javafx.event.Event.fireEvent(Event.java:198)
	at javafx.scene.Scene$KeyHandler.process(Scene.java:4064)
	at javafx.scene.Scene.processKeyEvent(Scene.java:2123)
	at javafx.scene.Scene$ScenePeerListener.keyEvent(Scene.java:2591)
	at com.sun.javafx.tk.quantum.GlassViewEventHandler$KeyEventNotification.run(GlassViewEventHandler.java:217)
	at com.sun.javafx.tk.quantum.GlassViewEventHandler$KeyEventNotification.run(GlassViewEventHandler.java:149)
	at java.base/java.security.AccessController.doPrivileged(AccessController.java:391)
	at com.sun.javafx.tk.quantum.GlassViewEventHandler.lambda$handleKeyEvent$1(GlassViewEventHandler.java:248)
	at com.sun.javafx.tk.quantum.QuantumToolkit.runWithoutRenderLock(QuantumToolkit.java:412)
	at com.sun.javafx.tk.quantum.GlassViewEventHandler.handleKeyEvent(GlassViewEventHandler.java:247)
	at com.sun.glass.ui.View.handleKeyEvent(View.java:547)
	at com.sun.glass.ui.View.notifyKey(View.java:971)
	at com.sun.glass.ui.win.WinApplication._runLoop(Native Method)
	at com.sun.glass.ui.win.WinApplication.lambda$runLoop$3(WinApplication.java:174)
	at java.base/java.lang.Thread.run(Thread.java:831)
Caused by: java.lang.reflect.InvocationTargetException: null
	at java.base/jdk.internal.reflect.NativeMethodAccessorImpl.invoke0(Native Method)
	at java.base/jdk.internal.reflect.NativeMethodAccessorImpl.invoke(NativeMethodAccessorImpl.java:78)
	at java.base/jdk.internal.reflect.DelegatingMethodAccessorImpl.invoke(DelegatingMethodAccessorImpl.java:43)
	at java.base/java.lang.reflect.Method.invoke(Method.java:567)
	at com.sun.javafx.reflect.Trampoline.invoke(MethodUtil.java:76)
	at java.base/jdk.internal.reflect.NativeMethodAccessorImpl.invoke0(Native Method)
	at java.base/jdk.internal.reflect.NativeMethodAccessorImpl.invoke(NativeMethodAccessorImpl.java:78)
	at java.base/jdk.internal.reflect.DelegatingMethodAccessorImpl.invoke(DelegatingMethodAccessorImpl.java:43)
	at java.base/java.lang.reflect.Method.invoke(Method.java:567)
	at com.sun.javafx.reflect.MethodUtil.invoke(MethodUtil.java:273)
	at com.sun.javafx.fxml.MethodHelper.invoke(MethodHelper.java:83)
	at javafx.fxml.FXMLLoader.loadImpl(FXMLLoader.java:2673)
	... 32 common frames omitted
Caused by: DataAccessException: Persons basic view could not be loaded.
	at PersonRepository.getPersonsBasicView(PersonRepository.java:72)
	at PersonService.getPersonsBasicView(PersonService.java:28)
	at PersonsController.initializePersonsData(PersonsController.java:143)
	at PersonsController.initialize(PersonsController.java:71)
	... 44 common frames omitted
Caused by: org.postgresql.util.PSQLException: ERROR: relation "bds.person" does not exist
  Position: 67
	at org.postgresql.core.v3.QueryExecutorImpl.receiveErrorResponse(QueryExecutorImpl.java:2565)
	at org.postgresql.core.v3.QueryExecutorImpl.processResults(QueryExecutorImpl.java:2297)
	at org.postgresql.core.v3.QueryExecutorImpl.execute(QueryExecutorImpl.java:322)
	at org.postgresql.jdbc.PgStatement.executeInternal(PgStatement.java:481)
	at org.postgresql.jdbc.PgStatement.execute(PgStatement.java:401)
	at org.postgresql.jdbc.PgPreparedStatement.executeWithFlags(PgPreparedStatement.java:164)
	at org.postgresql.jdbc.PgPreparedStatement.executeQuery(PgPreparedStatement.java:114)
	at com.zaxxer.hikari.pool.ProxyPreparedStatement.executeQuery(ProxyPreparedStatement.java:52)
	at com.zaxxer.hikari.pool.HikariProxyPreparedStatement.executeQuery(HikariProxyPreparedStatement.java)
	at PersonRepository.getPersonsBasicView(PersonRepository.java:65)
	... 47 common frames omitted
741  [JavaFX Application Thread] INFO  o.b.f.j.controllers.LoginController - LoginController initialized
6898 [JavaFX Application Thread] ERROR o.b.f.j.controllers.LoginController - 
/C:/Users/macin/Desktop/bds-javafx-training/target/classes/org/but/feec/javafx/fxml/Persons.fxml

javafx.fxml.LoadException: 
/C:/Users/macin/Desktop/bds-javafx-training/target/classes/org/but/feec/javafx/fxml/Persons.fxml

	at javafx.fxml.FXMLLoader.constructLoadException(FXMLLoader.java:2707)
	at javafx.fxml.FXMLLoader.loadImpl(FXMLLoader.java:2677)
	at javafx.fxml.FXMLLoader.loadImpl(FXMLLoader.java:2548)
	at javafx.fxml.FXMLLoader.load(FXMLLoader.java:2517)
	at LoginController.showPersonsView(LoginController.java:125)
	at LoginController.handleSignIn(LoginController.java:108)
	at LoginController.lambda$initialize$0(LoginController.java:64)
	at com.sun.javafx.event.CompositeEventHandler.dispatchBubblingEvent(CompositeEventHandler.java:86)
	at com.sun.javafx.event.EventHandlerManager.dispatchBubblingEvent(EventHandlerManager.java:234)
	at com.sun.javafx.event.EventHandlerManager.dispatchBubblingEvent(EventHandlerManager.java:191)
	at com.sun.javafx.event.CompositeEventDispatcher.dispatchBubblingEvent(CompositeEventDispatcher.java:59)
	at com.sun.javafx.event.BasicEventDispatcher.dispatchEvent(BasicEventDispatcher.java:58)
	at com.sun.javafx.event.EventDispatchChainImpl.dispatchEvent(EventDispatchChainImpl.java:114)
	at com.sun.javafx.event.BasicEventDispatcher.dispatchEvent(BasicEventDispatcher.java:56)
	at com.sun.javafx.event.EventDispatchChainImpl.dispatchEvent(EventDispatchChainImpl.java:114)
	at com.sun.javafx.event.BasicEventDispatcher.dispatchEvent(BasicEventDispatcher.java:56)
	at com.sun.javafx.event.EventDispatchChainImpl.dispatchEvent(EventDispatchChainImpl.java:114)
	at com.sun.javafx.event.EventUtil.fireEventImpl(EventUtil.java:74)
	at com.sun.javafx.event.EventUtil.fireEvent(EventUtil.java:54)
	at javafx.event.Event.fireEvent(Event.java:198)
	at javafx.scene.Scene$KeyHandler.process(Scene.java:4064)
	at javafx.scene.Scene.processKeyEvent(Scene.java:2123)
	at javafx.scene.Scene$ScenePeerListener.keyEvent(Scene.java:2591)
	at com.sun.javafx.tk.quantum.GlassViewEventHandler$KeyEventNotification.run(GlassViewEventHandler.java:217)
	at com.sun.javafx.tk.quantum.GlassViewEventHandler$KeyEventNotification.run(GlassViewEventHandler.java:149)
	at java.base/java.security.AccessController.doPrivileged(AccessController.java:391)
	at com.sun.javafx.tk.quantum.GlassViewEventHandler.lambda$handleKeyEvent$1(GlassViewEventHandler.java:248)
	at com.sun.javafx.tk.quantum.QuantumToolkit.runWithoutRenderLock(QuantumToolkit.java:412)
	at com.sun.javafx.tk.quantum.GlassViewEventHandler.handleKeyEvent(GlassViewEventHandler.java:247)
	at com.sun.glass.ui.View.handleKeyEvent(View.java:547)
	at com.sun.glass.ui.View.notifyKey(View.java:971)
	at com.sun.glass.ui.win.WinApplication._runLoop(Native Method)
	at com.sun.glass.ui.win.WinApplication.lambda$runLoop$3(WinApplication.java:174)
	at java.base/java.lang.Thread.run(Thread.java:831)
Caused by: java.lang.reflect.InvocationTargetException: null
	at java.base/jdk.internal.reflect.NativeMethodAccessorImpl.invoke0(Native Method)
	at java.base/jdk.internal.reflect.NativeMethodAccessorImpl.invoke(NativeMethodAccessorImpl.java:78)
	at java.base/jdk.internal.reflect.DelegatingMethodAccessorImpl.invoke(DelegatingMethodAccessorImpl.java:43)
	at java.base/java.lang.reflect.Method.invoke(Method.java:567)
	at com.sun.javafx.reflect.Trampoline.invoke(MethodUtil.java:76)
	at java.base/jdk.internal.reflect.NativeMethodAccessorImpl.invoke0(Native Method)
	at java.base/jdk.internal.reflect.NativeMethodAccessorImpl.invoke(NativeMethodAccessorImpl.java:78)
	at java.base/jdk.internal.reflect.DelegatingMethodAccessorImpl.invoke(DelegatingMethodAccessorImpl.java:43)
	at java.base/java.lang.reflect.Method.invoke(Method.java:567)
	at com.sun.javafx.reflect.MethodUtil.invoke(MethodUtil.java:273)
	at com.sun.javafx.fxml.MethodHelper.invoke(MethodHelper.java:83)
	at javafx.fxml.FXMLLoader.loadImpl(FXMLLoader.java:2673)
	... 32 common frames omitted
Caused by: DataAccessException: Persons basic view could not be loaded.
	at PersonRepository.getPersonsBasicView(PersonRepository.java:73)
	at PersonService.getPersonsBasicView(PersonService.java:28)
	at PersonsController.initializePersonsData(PersonsController.java:143)
	at PersonsController.initialize(PersonsController.java:71)
	... 44 common frames omitted
Caused by: org.postgresql.util.PSQLException: ERROR: column reference "customer_id" is ambiguous
  Position: 8
	at org.postgresql.core.v3.QueryExecutorImpl.receiveErrorResponse(QueryExecutorImpl.java:2565)
	at org.postgresql.core.v3.QueryExecutorImpl.processResults(QueryExecutorImpl.java:2297)
	at org.postgresql.core.v3.QueryExecutorImpl.execute(QueryExecutorImpl.java:322)
	at org.postgresql.jdbc.PgStatement.executeInternal(PgStatement.java:481)
	at org.postgresql.jdbc.PgStatement.execute(PgStatement.java:401)
	at org.postgresql.jdbc.PgPreparedStatement.executeWithFlags(PgPreparedStatement.java:164)
	at org.postgresql.jdbc.PgPreparedStatement.executeQuery(PgPreparedStatement.java:114)
	at com.zaxxer.hikari.pool.ProxyPreparedStatement.executeQuery(ProxyPreparedStatement.java:52)
	at com.zaxxer.hikari.pool.HikariProxyPreparedStatement.executeQuery(HikariProxyPreparedStatement.java)
	at PersonRepository.getPersonsBasicView(PersonRepository.java:66)
	... 47 common frames omitted
744  [JavaFX Application Thread] INFO  o.b.f.j.controllers.LoginController - LoginController initialized
3656 [JavaFX Application Thread] ERROR o.b.f.j.controllers.LoginController - 
/C:/Users/macin/Desktop/bds-javafx-training/target/classes/org/but/feec/javafx/fxml/Persons.fxml

javafx.fxml.LoadException: 
/C:/Users/macin/Desktop/bds-javafx-training/target/classes/org/but/feec/javafx/fxml/Persons.fxml

	at javafx.fxml.FXMLLoader.constructLoadException(FXMLLoader.java:2707)
	at javafx.fxml.FXMLLoader.loadImpl(FXMLLoader.java:2677)
	at javafx.fxml.FXMLLoader.loadImpl(FXMLLoader.java:2548)
	at javafx.fxml.FXMLLoader.load(FXMLLoader.java:2517)
	at LoginController.showPersonsView(LoginController.java:125)
	at LoginController.handleSignIn(LoginController.java:108)
	at LoginController.lambda$initialize$0(LoginController.java:64)
	at com.sun.javafx.event.CompositeEventHandler.dispatchBubblingEvent(CompositeEventHandler.java:86)
	at com.sun.javafx.event.EventHandlerManager.dispatchBubblingEvent(EventHandlerManager.java:234)
	at com.sun.javafx.event.EventHandlerManager.dispatchBubblingEvent(EventHandlerManager.java:191)
	at com.sun.javafx.event.CompositeEventDispatcher.dispatchBubblingEvent(CompositeEventDispatcher.java:59)
	at com.sun.javafx.event.BasicEventDispatcher.dispatchEvent(BasicEventDispatcher.java:58)
	at com.sun.javafx.event.EventDispatchChainImpl.dispatchEvent(EventDispatchChainImpl.java:114)
	at com.sun.javafx.event.BasicEventDispatcher.dispatchEvent(BasicEventDispatcher.java:56)
	at com.sun.javafx.event.EventDispatchChainImpl.dispatchEvent(EventDispatchChainImpl.java:114)
	at com.sun.javafx.event.BasicEventDispatcher.dispatchEvent(BasicEventDispatcher.java:56)
	at com.sun.javafx.event.EventDispatchChainImpl.dispatchEvent(EventDispatchChainImpl.java:114)
	at com.sun.javafx.event.EventUtil.fireEventImpl(EventUtil.java:74)
	at com.sun.javafx.event.EventUtil.fireEvent(EventUtil.java:54)
	at javafx.event.Event.fireEvent(Event.java:198)
	at javafx.scene.Scene$KeyHandler.process(Scene.java:4064)
	at javafx.scene.Scene.processKeyEvent(Scene.java:2123)
	at javafx.scene.Scene$ScenePeerListener.keyEvent(Scene.java:2591)
	at com.sun.javafx.tk.quantum.GlassViewEventHandler$KeyEventNotification.run(GlassViewEventHandler.java:217)
	at com.sun.javafx.tk.quantum.GlassViewEventHandler$KeyEventNotification.run(GlassViewEventHandler.java:149)
	at java.base/java.security.AccessController.doPrivileged(AccessController.java:391)
	at com.sun.javafx.tk.quantum.GlassViewEventHandler.lambda$handleKeyEvent$1(GlassViewEventHandler.java:248)
	at com.sun.javafx.tk.quantum.QuantumToolkit.runWithoutRenderLock(QuantumToolkit.java:412)
	at com.sun.javafx.tk.quantum.GlassViewEventHandler.handleKeyEvent(GlassViewEventHandler.java:247)
	at com.sun.glass.ui.View.handleKeyEvent(View.java:547)
	at com.sun.glass.ui.View.notifyKey(View.java:971)
	at com.sun.glass.ui.win.WinApplication._runLoop(Native Method)
	at com.sun.glass.ui.win.WinApplication.lambda$runLoop$3(WinApplication.java:174)
	at java.base/java.lang.Thread.run(Thread.java:831)
Caused by: java.lang.reflect.InvocationTargetException: null
	at java.base/jdk.internal.reflect.NativeMethodAccessorImpl.invoke0(Native Method)
	at java.base/jdk.internal.reflect.NativeMethodAccessorImpl.invoke(NativeMethodAccessorImpl.java:78)
	at java.base/jdk.internal.reflect.DelegatingMethodAccessorImpl.invoke(DelegatingMethodAccessorImpl.java:43)
	at java.base/java.lang.reflect.Method.invoke(Method.java:567)
	at com.sun.javafx.reflect.Trampoline.invoke(MethodUtil.java:76)
	at java.base/jdk.internal.reflect.NativeMethodAccessorImpl.invoke0(Native Method)
	at java.base/jdk.internal.reflect.NativeMethodAccessorImpl.invoke(NativeMethodAccessorImpl.java:78)
	at java.base/jdk.internal.reflect.DelegatingMethodAccessorImpl.invoke(DelegatingMethodAccessorImpl.java:43)
	at java.base/java.lang.reflect.Method.invoke(Method.java:567)
	at com.sun.javafx.reflect.MethodUtil.invoke(MethodUtil.java:273)
	at com.sun.javafx.fxml.MethodHelper.invoke(MethodHelper.java:83)
	at javafx.fxml.FXMLLoader.loadImpl(FXMLLoader.java:2673)
	... 32 common frames omitted
Caused by: DataAccessException: Persons basic view could not be loaded.
	at PersonRepository.getPersonsBasicView(PersonRepository.java:73)
	at PersonService.getPersonsBasicView(PersonService.java:28)
	at PersonsController.initializePersonsData(PersonsController.java:143)
	at PersonsController.initialize(PersonsController.java:71)
	... 44 common frames omitted
Caused by: org.postgresql.util.PSQLException: The column name id_person was not found in this ResultSet.
	at org.postgresql.jdbc.PgResultSet.findColumn(PgResultSet.java:2775)
	at org.postgresql.jdbc.PgResultSet.getLong(PgResultSet.java:2658)
	at com.zaxxer.hikari.pool.HikariProxyResultSet.getLong(HikariProxyResultSet.java)
	at PersonRepository.mapToPersonBasicView(PersonRepository.java:157)
	at PersonRepository.getPersonsBasicView(PersonRepository.java:69)
	... 47 common frames omitted
745  [JavaFX Application Thread] INFO  o.b.f.j.controllers.LoginController - LoginController initialized
3951 [JavaFX Application Thread] INFO  o.b.f.j.c.PersonsController - PersonsController initialized
94097 [JavaFX Application Thread] INFO  o.b.f.j.c.PersonsEditController - PersonsEditController initialized
713  [JavaFX Application Thread] INFO  o.b.f.j.controllers.LoginController - LoginController initialized
737  [JavaFX Application Thread] INFO  o.b.f.j.controllers.LoginController - LoginController initialized
3727 [JavaFX Application Thread] INFO  o.b.f.j.c.PersonsController - PersonsController initialized
749  [JavaFX Application Thread] INFO  o.b.f.j.controllers.LoginController - LoginController initialized
714  [JavaFX Application Thread] INFO  o.b.f.j.controllers.LoginController - LoginController initialized
3251 [JavaFX Application Thread] INFO  o.b.f.j.c.PersonsController - PersonsController initialized
